<?xml version="1.0" encoding="UTF-8"?>
<!-- Generated by org.testng.reporters.JUnitXMLReporter -->
<testsuite hostname="SILICUS253" ignored="1" name="Insurance Department" tests="2" failures="0" timestamp="08 Aug 2019 05:57:42 GMT" time="0.028" errors="0">
  <testcase name="bikeInsuranceForMultipleYears" time="0.002" classname="testDemo.Test3"/>
  <testcase name="bikeInsuranceForSingleYear" time="0.003" classname="testDemo.Test3"/>
  <testcase name="carInsurance" time="0.0" classname="testDemo.Test3">
    <ignored/>
  </testcase> <!-- carInsurance -->
</testsuite> <!-- Insurance Department -->
