<?xml version="1.0" encoding="UTF-8"?>
<!-- Generated by org.testng.reporters.JUnitXMLReporter -->
<testsuite hostname="SILICUS253" ignored="6" name="Smoke TestCases" tests="2" failures="0" timestamp="08 Aug 2019 05:57:21 GMT" time="0.067" errors="0">
  <testcase name="mobileLoginHomeLoan" time="0.019" classname="testDemo.Test2"/>
  <testcase name="carInsurance" time="0.005" classname="testDemo.Test3"/>
  <testcase name="bikeInsuranceForSingleYear" time="0.0" classname="testDemo.Test3">
    <ignored/>
  </testcase> <!-- bikeInsuranceForSingleYear -->
  <testcase name="bikeInsuranceForMultipleYears" time="0.0" classname="testDemo.Test3">
    <ignored/>
  </testcase> <!-- bikeInsuranceForMultipleYears -->
  <testcase name="ipadLoginCarLoan" time="0.0" classname="testDemo.Test1">
    <ignored/>
  </testcase> <!-- ipadLoginCarLoan -->
  <testcase name="webLoginCarLoan" time="0.0" classname="testDemo.Test1">
    <ignored/>
  </testcase> <!-- webLoginCarLoan -->
  <testcase name="mobileLoginCarLoan" time="0.0" classname="testDemo.Test1">
    <ignored/>
  </testcase> <!-- mobileLoginCarLoan -->
  <testcase name="webLoginHomeLoan" time="0.0" classname="testDemo.Test2">
    <ignored/>
  </testcase> <!-- webLoginHomeLoan -->
</testsuite> <!-- Smoke TestCases -->
