<?xml version="1.0" encoding="UTF-8"?>
<testng-results skipped="0" failed="0" ignored="0" total="1" passed="1">
  <reporter-output>
  </reporter-output>
  <suite name="Default suite" duration-ms="10096" started-at="2019-08-20T06:18:20Z" finished-at="2019-08-20T06:18:30Z">
    <groups>
    </groups>
    <test name="Default test" duration-ms="10096" started-at="2019-08-20T06:18:20Z" finished-at="2019-08-20T06:18:30Z">
      <class name="testCases.LoginAppTest">
        <test-method status="PASS" signature="Login()[pri:0, instance:testCases.LoginAppTest@3a82f6ef]" name="Login" duration-ms="10053" started-at="2019-08-20T11:48:20Z" finished-at="2019-08-20T11:48:30Z">
          <reporter-output>
          </reporter-output>
        </test-method> <!-- Login -->
      </class> <!-- testCases.LoginAppTest -->
    </test> <!-- Default test -->
  </suite> <!-- Default suite -->
</testng-results>
